[+] Containers:
 |- [+] Container: /Game/FirstPerson/Maps/FirstPersonMap
 |   |- [+] ActorDescs:
 |   |   |- Guid:005EF1F444461158801AF69C01ED75D5 BaseClass:/Game/BP_EnemyAngel.BP_EnemyAngel_C NativeClass:/Script/Engine.Character Name:BP_EnemyAngel_C_UAID_F8B46AAA9712245702_1370653724 Label:BP_EnemyAngel4 SpatiallyLoaded:1 Bounds:IsValid=true, Min=(X=2146.000 Y=2509.230 Z=-4.771), Max=(X=2214.000 Y=2690.773 Z=180.771) RuntimeGrid:None EditorOnly:0 RuntimeOnly:0 HLODRelevant:0 ListedInSceneOutliner:1 IsMainWorldOnly:0
 |   |   |- Guid:02220B054EB6B1848685F580FC89FF07 BaseClass: NativeClass:/Script/Engine.StaticMeshActor Name:StaticMeshActor_UAID_F8B46AAA9712245702_1873595734 Label:defaultMaterial12345 SpatiallyLoaded:1 Bounds:IsValid=true, Min=(X=2368.870 Y=2185.282 Z=19.606), Max=(X=2372.710 Y=2274.718 Z=87.738) RuntimeGrid:None EditorOnly:0 RuntimeOnly:0 HLODRelevant:1 ListedInSceneOutliner:1 IsMainWorldOnly:0
 |   |   |- Guid:07CB33B04492A4AE49BC67B34B9984B2 BaseClass: NativeClass:/Script/Engine.StaticMeshActor Name:StaticMeshActor_UAID_F8B46AAA9712245702_1458841725 Label:Cube SpatiallyLoaded:1 Bounds:IsValid=true, Min=(X=955.000 Y=2900.000 Z=2.500), Max=(X=1405.000 Y=3000.000 Z=377.500) RuntimeGrid:None EditorOnly:0 RuntimeOnly:0 HLODRelevant:1 ListedInSceneOutliner:1 IsMainWorldOnly:0
 |   |   |- Guid:0890A03C44339323F38C0483F7A43C6D BaseClass: NativeClass:/Script/Engine.PointLight Name:PointLight_UAID_F8B46AAA9712245702_1093819716 Label:PointLight6 SpatiallyLoaded:1 Bounds:IsValid=true, Min=(X=1420.000 Y=220.000 Z=-810.000), Max=(X=3420.000 Y=2220.000 Z=1190.000) RuntimeGrid:None EditorOnly:0 RuntimeOnly:0 HLODRelevant:0 ListedInSceneOutliner:1 IsMainWorldOnly:0
 |   |   |- Guid:0CB6EC6746C1EACDD83B1C83E747AD93 BaseClass: NativeClass:/Script/Engine.StaticMeshActor Name:StaticMeshActor_UAID_F8B46AAA9712245702_1873603736 Label:defaultMaterial1234567 SpatiallyLoaded:1 Bounds:IsValid=true, Min=(X=2368.093 Y=2183.200 Z=0.000), Max=(X=2401.670 Y=2276.800 Z=90.472) RuntimeGrid:None EditorOnly:0 RuntimeOnly:0 HLODRelevant:1 ListedInSceneOutliner:1 IsMainWorldOnly:0
 |   |   |- Guid:0EDB289B45CB7E0977A6DBA74201EE76 BaseClass: NativeClass:/Script/Engine.StaticMeshActor Name:StaticMeshActor_10 Label:SM_Cube6 SpatiallyLoaded:1 Bounds:IsValid=true, Min=(X=2530.000 Y=100.000 Z=0.000), Max=(X=2630.000 Y=3400.000 Z=400.000) RuntimeGrid:None EditorOnly:0 RuntimeOnly:0 HLODRelevant:1 ListedInSceneOutliner:1 IsMainWorldOnly:0 FolderPath:Playground FolderGuid:6C02BB504B69D1F3D7A624B130C18E5B
 |   |   |- Guid:186DB7D34576671E4BEB7781AD75AA65 BaseClass:/Game/BP_EnemyAngel.BP_EnemyAngel_C NativeClass:/Script/Engine.Character Name:BP_EnemyAngel_C_UAID_F8B46AAA9712225702_1448684353 Label:BP_EnemyAngel2 SpatiallyLoaded:1 Bounds:IsValid=true, Min=(X=2156.000 Y=1999.230 Z=-4.771), Max=(X=2224.000 Y=2180.773 Z=180.771) RuntimeGrid:None EditorOnly:0 RuntimeOnly:0 HLODRelevant:0 ListedInSceneOutliner:1 IsMainWorldOnly:0
 |   |   |- Guid:1AA627B84FEEA35A6E0E12A255680341 BaseClass: NativeClass:/Script/Engine.PointLight Name:PointLight_UAID_F8B46AAA9712235702_2140158536 Label:PointLight2 SpatiallyLoaded:1 Bounds:IsValid=true, Min=(X=-350.000 Y=1370.000 Z=-810.000), Max=(X=1650.000 Y=3370.000 Z=1190.000) RuntimeGrid:None EditorOnly:0 RuntimeOnly:0 HLODRelevant:0 ListedInSceneOutliner:1 IsMainWorldOnly:0
 |   |   |- Guid:21262252453B37957EF29F82ABA2413B BaseClass: NativeClass:/Script/Engine.TextRenderActor Name:TextRenderActor_1 Label:TextRenderActor SpatiallyLoaded:1 Bounds:IsValid=true, Min=(X=-0.100 Y=1100.000 Z=65.013), Max=(X=-0.100 Y=2363.461 Z=215.013) RuntimeGrid:None EditorOnly:0 RuntimeOnly:0 HLODRelevant:0 ListedInSceneOutliner:1 IsMainWorldOnly:0
 |   |   |- Guid:28B8E7FE437F767F8741328CB259BD41 BaseClass: NativeClass:/Script/Engine.StaticMeshActor Name:StaticMeshActor_UAID_F8B46AAA9712235702_1869971534 Label:SM_Cube2 SpatiallyLoaded:1 Bounds:IsValid=true, Min=(X=10.000 Y=10.000 Z=420.000), Max=(X=3010.000 Y=3510.000 Z=470.000) RuntimeGrid:None EditorOnly:0 RuntimeOnly:0 HLODRelevant:1 ListedInSceneOutliner:1 IsMainWorldOnly:0 FolderPath:Playground FolderGuid:6C02BB504B69D1F3D7A624B130C18E5B
 |   |   |- Guid:2D1E45674FAACDDC97DDC0B694B3A0B5 BaseClass: NativeClass:/Script/Engine.PointLight Name:PointLight_UAID_F8B46AAA9712245702_1093816715 Label:PointLight5 SpatiallyLoaded:1 Bounds:IsValid=true, Min=(X=1430.000 Y=1380.000 Z=-810.000), Max=(X=3430.000 Y=3380.000 Z=1190.000) RuntimeGrid:None EditorOnly:0 RuntimeOnly:0 HLODRelevant:0 ListedInSceneOutliner:1 IsMainWorldOnly:0
 |   |   |- Guid:34442BFA4FB643072FC6DBB1646312FD BaseClass:/Game/BP_EnemyAngel.BP_EnemyAngel_C NativeClass:/Script/Engine.Character Name:BP_EnemyAngel_C_UAID_F8B46AAA9712225702_1451615354 Label:BP_EnemyAngel3 SpatiallyLoaded:1 Bounds:IsValid=true, Min=(X=2146.000 Y=1659.230 Z=-4.771), Max=(X=2214.000 Y=1840.773 Z=180.771) RuntimeGrid:None EditorOnly:0 RuntimeOnly:0 HLODRelevant:0 ListedInSceneOutliner:1 IsMainWorldOnly:0
 |   |   |- Guid:35E177DE4A14A55F43A6A7AB494089CE BaseClass: NativeClass:/Script/Engine.StaticMeshActor Name:StaticMeshActor_UAID_F8B46AAA9712245702_1873599735 Label:defaultMaterial123456 SpatiallyLoaded:1 Bounds:IsValid=true, Min=(X=2367.866 Y=2205.913 Z=9.095), Max=(X=2368.817 Y=2225.673 Z=11.608) RuntimeGrid:None EditorOnly:0 RuntimeOnly:0 HLODRelevant:1 ListedInSceneOutliner:1 IsMainWorldOnly:0
 |   |   |- Guid:4FD45A2B4CF7A2E90C64C28A14D0DF22 BaseClass: NativeClass:/Script/Engine.PointLight Name:PointLight_UAID_F8B46AAA9712245702_1150142719 Label:PointLight9 SpatiallyLoaded:1 Bounds:IsValid=true, Min=(X=1010.000 Y=2180.000 Z=-810.000), Max=(X=3010.000 Y=4180.000 Z=1190.000) RuntimeGrid:None EditorOnly:0 RuntimeOnly:0 HLODRelevant:0 ListedInSceneOutliner:1 IsMainWorldOnly:0
 |   |   |- Guid:4FEE995946594B0A6537C5A7324B65D1 BaseClass: NativeClass:/Script/Engine.StaticMeshActor Name:StaticMeshActor_UAID_F8B46AAA9712245702_1873577729 Label:defaultMaterial SpatiallyLoaded:1 Bounds:IsValid=true, Min=(X=2367.871 Y=2224.905 Z=15.549), Max=(X=2368.208 Y=2235.049 Z=17.386) RuntimeGrid:None EditorOnly:0 RuntimeOnly:0 HLODRelevant:1 ListedInSceneOutliner:1 IsMainWorldOnly:0
 |   |   |- Guid:5409B8BD48C25F50733C78B46162D407 BaseClass: NativeClass:/Script/NavigationSystem.RecastNavMesh Name:RecastNavMesh_UAID_F8B46AAA9712B05602-Default Label:RecastNavMesh-Default SpatiallyLoaded:0 Bounds:IsValid=true, Min=(X=0.000 Y=0.000 Z=0.000), Max=(X=0.000 Y=0.000 Z=0.000) RuntimeGrid:None EditorOnly:0 RuntimeOnly:0 HLODRelevant:0 ListedInSceneOutliner:1 IsMainWorldOnly:0
 |   |   |- Guid:55F42FE44C1BD93BC747718F3A1B14E3 BaseClass: NativeClass:/Script/Engine.PointLight Name:PointLight_UAID_F8B46AAA9712245702_1093813714 Label:PointLight4 SpatiallyLoaded:1 Bounds:IsValid=true, Min=(X=1420.000 Y=2100.000 Z=-810.000), Max=(X=3420.000 Y=4100.000 Z=1190.000) RuntimeGrid:None EditorOnly:0 RuntimeOnly:0 HLODRelevant:0 ListedInSceneOutliner:1 IsMainWorldOnly:0
 |   |   |- Guid:5997D75D46779A0FD8E14BB1BC0243BB BaseClass: NativeClass:/Script/Engine.StaticMeshActor Name:StaticMeshActor_UAID_F8B46AAA9712235702_1745018532 Label:SM_Cube8 SpatiallyLoaded:1 Bounds:IsValid=true, Min=(X=520.000 Y=110.000 Z=0.000), Max=(X=620.000 Y=3410.000 Z=400.000) RuntimeGrid:None EditorOnly:0 RuntimeOnly:0 HLODRelevant:1 ListedInSceneOutliner:1 IsMainWorldOnly:0 FolderPath:Playground FolderGuid:6C02BB504B69D1F3D7A624B130C18E5B
 |   |   |- Guid:5AEF1C514AA2B976C678EDB7228620F9 BaseClass: NativeClass:/Script/Engine.PointLight Name:PointLight_UAID_F8B46AAA9712245702_1632635728 Label:PointLight12 SpatiallyLoaded:1 Bounds:IsValid=true, Min=(X=170.000 Y=600.000 Z=-810.000), Max=(X=2170.000 Y=2600.000 Z=1190.000) RuntimeGrid:None EditorOnly:0 RuntimeOnly:0 HLODRelevant:0 ListedInSceneOutliner:1 IsMainWorldOnly:0
 |   |   |- Guid:5FD5E63C4AB4A201AD50CB825E93D91B BaseClass: NativeClass:/Script/Engine.StaticMeshActor Name:StaticMeshActor_UAID_F8B46AAA9712245702_1873589732 Label:defaultMaterial123 SpatiallyLoaded:1 Bounds:IsValid=true, Min=(X=2368.540 Y=2239.534 Z=9.498), Max=(X=2370.892 Y=2248.664 Z=11.700) RuntimeGrid:None EditorOnly:0 RuntimeOnly:0 HLODRelevant:1 ListedInSceneOutliner:1 IsMainWorldOnly:0
 |   |   |- Guid:5FE7584649BB6F09265329A6C57CFD0D BaseClass: NativeClass:/Script/Engine.VolumetricCloud Name:VolumetricCloud_0 Label:VolumetricCloud SpatiallyLoaded:0 Bounds:IsValid=true, Min=(X=0.000 Y=0.000 Z=820.000), Max=(X=0.000 Y=0.000 Z=820.000) RuntimeGrid:None EditorOnly:0 RuntimeOnly:0 HLODRelevant:0 ListedInSceneOutliner:1 IsMainWorldOnly:0 FolderPath:Lighting FolderGuid:0BA5F0A04EADB18E70D5B180D08FA34B
 |   |   |- Guid:61391D344900612A77DFC3BA3E354907 BaseClass: NativeClass:/Script/Engine.ExponentialHeightFog Name:ExponentialHeightFog_0 Label:ExponentialHeightFog SpatiallyLoaded:0 Bounds:IsValid=true, Min=(X=-5600.000 Y=-50.000 Z=-6850.000), Max=(X=-5600.000 Y=-50.000 Z=-6850.000) RuntimeGrid:None EditorOnly:0 RuntimeOnly:0 HLODRelevant:0 ListedInSceneOutliner:1 IsMainWorldOnly:0 FolderPath:Lighting FolderGuid:0BA5F0A04EADB18E70D5B180D08FA34B
 |   |   |- Guid:6F4D92CC4E10564F9B2B07A96EA2F928 BaseClass: NativeClass:/Script/Engine.SpotLight Name:SpotLight_UAID_F8B46AAA9712245702_1200717721 Label:SpotLight SpatiallyLoaded:1 Bounds:IsValid=true, Min=(X=1484.918 Y=1694.918 Z=-1060.164), Max=(X=2875.082 Y=3085.082 Z=330.000) RuntimeGrid:None EditorOnly:0 RuntimeOnly:0 HLODRelevant:0 ListedInSceneOutliner:1 IsMainWorldOnly:0
 |   |   |- Guid:6FEFB3BD4EB37B849EF0D4AC80F83855 BaseClass: NativeClass:/Script/Engine.WorldDataLayers Name:WorldDataLayers Label:WorldDataLayers SpatiallyLoaded:0 Bounds:IsValid=true, Min=(X=0.000 Y=0.000 Z=0.000), Max=(X=0.000 Y=0.000 Z=0.000) RuntimeGrid:None EditorOnly:0 RuntimeOnly:0 HLODRelevant:0 ListedInSceneOutliner:1 IsMainWorldOnly:1
 |   |   |- Guid:78CAF7514C7533F30BD2F19A017AAB65 BaseClass: NativeClass:/Script/Engine.StaticMeshActor Name:StaticMeshActor_0 Label:SM_Cube SpatiallyLoaded:1 Bounds:IsValid=true, Min=(X=0.000 Y=0.000 Z=-50.000), Max=(X=3000.000 Y=3500.000 Z=0.000) RuntimeGrid:None EditorOnly:0 RuntimeOnly:0 HLODRelevant:1 ListedInSceneOutliner:1 IsMainWorldOnly:0 FolderPath:Playground FolderGuid:6C02BB504B69D1F3D7A624B130C18E5B
 |   |   |- Guid:8344DC6E46FC84C1CD34DEBECA83CF44 BaseClass: NativeClass:/Script/Engine.PointLight Name:PointLight_UAID_F8B46AAA9712245702_1137216718 Label:PointLight8 SpatiallyLoaded:1 Bounds:IsValid=true, Min=(X=0.000 Y=90.000 Z=-810.000), Max=(X=2000.000 Y=2090.000 Z=1190.000) RuntimeGrid:None EditorOnly:0 RuntimeOnly:0 HLODRelevant:0 ListedInSceneOutliner:1 IsMainWorldOnly:0
 |   |   |- Guid:8806DCA64AF250F0F8E404851B88DA62 BaseClass: NativeClass:/Script/Engine.StaticMeshActor Name:StaticMeshActor_UAID_F8B46AAA9712235702_1789901533 Label:SM_Cube9 SpatiallyLoaded:1 Bounds:IsValid=true, Min=(X=-480.000 Y=3210.000 Z=0.000), Max=(X=2820.000 Y=3310.000 Z=400.000) RuntimeGrid:None EditorOnly:0 RuntimeOnly:0 HLODRelevant:1 ListedInSceneOutliner:1 IsMainWorldOnly:0 FolderPath:Playground FolderGuid:6C02BB504B69D1F3D7A624B130C18E5B
 |   |   |- Guid:893C24EF48D604B13400398A5051B2E5 BaseClass: NativeClass:/Script/Engine.PointLight Name:PointLight_UAID_F8B46AAA9712245702_1124831717 Label:PointLight7 SpatiallyLoaded:1 Bounds:IsValid=true, Min=(X=1080.000 Y=100.000 Z=-810.000), Max=(X=3080.000 Y=2100.000 Z=1190.000) RuntimeGrid:None EditorOnly:0 RuntimeOnly:0 HLODRelevant:0 ListedInSceneOutliner:1 IsMainWorldOnly:0
 |   |   |- Guid:9275A3EC46A9EEAA450921B70316AB0C BaseClass: NativeClass:/Script/Engine.StaticMeshActor Name:StaticMeshActor_UAID_F8B46AAA9712245702_1506333726 Label:Cube2 SpatiallyLoaded:1 Bounds:IsValid=true, Min=(X=965.000 Y=1480.000 Z=2.500), Max=(X=1415.000 Y=1580.000 Z=377.500) RuntimeGrid:None EditorOnly:0 RuntimeOnly:0 HLODRelevant:1 ListedInSceneOutliner:1 IsMainWorldOnly:0
 |   |   |- Guid:981D5E6A459A9730CC6252BD36D6314B BaseClass: NativeClass:/Script/Engine.TriggerBox Name:TriggerBox_UAID_F8B46AAA9712265702_1130633093 Label:TriggerBox2 SpatiallyLoaded:1 Bounds:IsValid=true, Min=(X=2250.000 Y=2090.000 Z=30.000), Max=(X=2330.000 Y=2170.000 Z=110.000) RuntimeGrid:None EditorOnly:0 RuntimeOnly:0 HLODRelevant:0 ListedInSceneOutliner:1 IsMainWorldOnly:0
 |   |   |- Guid:9B1A907E48B45E18F9A378A69E8C8884 BaseClass:/Game/BP_EnemyAngel.BP_EnemyAngel_C NativeClass:/Script/Engine.Character Name:BP_EnemyAngel_C_UAID_F8B46AAA9712225702_1084866352 Label:BP_EnemyAngel SpatiallyLoaded:1 Bounds:IsValid=true, Min=(X=2136.000 Y=2269.230 Z=-4.771), Max=(X=2204.000 Y=2450.773 Z=180.771) RuntimeGrid:None EditorOnly:0 RuntimeOnly:0 HLODRelevant:0 ListedInSceneOutliner:1 IsMainWorldOnly:0
 |   |   |- Guid:9E28BC714FDD769F0FB4C69A7296BA14 BaseClass: NativeClass:/Script/Engine.StaticMeshActor Name:StaticMeshActor_UAID_F8B46AAA9712245702_2073767738 Label:Plane SpatiallyLoaded:1 Bounds:IsValid=true, Min=(X=2360.000 Y=2205.000 Z=35.000), Max=(X=2360.000 Y=2255.000 Z=85.000) RuntimeGrid:None EditorOnly:0 RuntimeOnly:0 HLODRelevant:1 ListedInSceneOutliner:1 IsMainWorldOnly:0
 |   |   |- Guid:A1EF19A244DD12A3B7CEF681433A56A9 BaseClass: NativeClass:/Script/Engine.StaticMeshActor Name:StaticMeshActor_UAID_F8B46AAA9712245702_1873592733 Label:defaultMaterial1234 SpatiallyLoaded:1 Bounds:IsValid=true, Min=(X=2406.519 Y=2235.278 Z=12.520), Max=(X=2407.177 Y=2237.400 Z=14.642) RuntimeGrid:None EditorOnly:0 RuntimeOnly:0 HLODRelevant:1 ListedInSceneOutliner:1 IsMainWorldOnly:0
 |   |   |- Guid:A354B1B24E617A525DC6B48CCDE2417E BaseClass: NativeClass:/Script/Engine.PlayerStart Name:PlayerStart_0 Label:PlayerStart SpatiallyLoaded:0 Bounds:IsValid=true, Min=(X=860.000 Y=2170.000 Z=0.013), Max=(X=940.000 Y=2250.000 Z=184.013) RuntimeGrid:None EditorOnly:0 RuntimeOnly:0 HLODRelevant:0 ListedInSceneOutliner:1 IsMainWorldOnly:0
 |   |   |- Guid:AF498A064B4D90D1051630A2C568AF33 BaseClass: NativeClass:/Script/Engine.StaticMeshActor Name:StaticMeshActor_UAID_F8B46AAA9712245702_1873606737 Label:defaultMaterial12345678 SpatiallyLoaded:1 Bounds:IsValid=true, Min=(X=2401.670 Y=2183.658 Z=0.452), Max=(X=2445.277 Y=2276.415 Z=90.020) RuntimeGrid:None EditorOnly:0 RuntimeOnly:0 HLODRelevant:1 ListedInSceneOutliner:1 IsMainWorldOnly:0
 |   |   |- Guid:B63A828E48BBDEB006167BADEACDDEBA BaseClass: NativeClass:/Script/NavigationSystem.NavMeshBoundsVolume Name:NavMeshBoundsVolume_UAID_F8B46AAA9712B05602_1377363291 Label:NavMeshBoundsVolume SpatiallyLoaded:0 Bounds:IsValid=true, Min=(X=130.000 Y=-540.000 Z=-485.000), Max=(X=2930.000 Y=3560.000 Z=665.000) RuntimeGrid:None EditorOnly:0 RuntimeOnly:0 HLODRelevant:0 ListedInSceneOutliner:1 IsMainWorldOnly:0
 |   |   |- Guid:B850DD4C49D87BD32E22D792F92A0AC4 BaseClass: NativeClass:/Script/Engine.PointLight Name:PointLight_UAID_F8B46AAA9712245702_1610989727 Label:PointLight11 SpatiallyLoaded:1 Bounds:IsValid=true, Min=(X=200.000 Y=1860.000 Z=-810.000), Max=(X=2200.000 Y=3860.000 Z=1190.000) RuntimeGrid:None EditorOnly:0 RuntimeOnly:0 HLODRelevant:0 ListedInSceneOutliner:1 IsMainWorldOnly:0
 |   |   |- Guid:B860C78645A6A79CFC0FE5ABBCED4653 BaseClass: NativeClass:/Script/Engine.TriggerBox Name:TriggerBox_UAID_F8B46AAA9712255702_2016317916 Label:TriggerBox SpatiallyLoaded:1 Bounds:IsValid=true, Min=(X=2270.000 Y=2270.000 Z=-10.000), Max=(X=2350.000 Y=2350.000 Z=70.000) RuntimeGrid:None EditorOnly:0 RuntimeOnly:0 HLODRelevant:0 ListedInSceneOutliner:1 IsMainWorldOnly:0
 |   |   |- Guid:C0C56B9644AE3D40CAFF6A878DB29844 BaseClass: NativeClass:/Script/Engine.StaticMeshActor Name:StaticMeshActor_UAID_A4AE111137DC5EFB00_2001720423 Label:SM_SkySphere SpatiallyLoaded:0 Bounds:IsValid=true, Min=(X=-1638400.000 Y=-1638400.000 Z=-1638400.000), Max=(X=1638400.000 Y=1638400.000 Z=1638400.000) RuntimeGrid:None EditorOnly:0 RuntimeOnly:0 HLODRelevant:1 ListedInSceneOutliner:1 IsMainWorldOnly:0 FolderPath:Lighting FolderGuid:0BA5F0A04EADB18E70D5B180D08FA34B
 |   |   |- Guid:C1217F314FD2E8BF430389A703E2F0E7 BaseClass: NativeClass:/Script/Engine.PointLight Name:PointLight_UAID_F8B46AAA9712235702_2009801535 Label:PointLight SpatiallyLoaded:1 Bounds:IsValid=true, Min=(X=-360.000 Y=2090.000 Z=-810.000), Max=(X=1640.000 Y=4090.000 Z=1190.000) RuntimeGrid:None EditorOnly:0 RuntimeOnly:0 HLODRelevant:0 ListedInSceneOutliner:1 IsMainWorldOnly:0
 |   |   |- Guid:C22CE07C4B87D685137FDBBC10FC92C6 BaseClass: NativeClass:/Script/Engine.SkyAtmosphere Name:SkyAtmosphere_0 Label:SkyAtmosphere SpatiallyLoaded:0 Bounds:IsValid=true, Min=(X=0.000 Y=0.000 Z=1020.000), Max=(X=0.000 Y=0.000 Z=1020.000) RuntimeGrid:None EditorOnly:0 RuntimeOnly:0 HLODRelevant:0 ListedInSceneOutliner:1 IsMainWorldOnly:0 FolderPath:Lighting FolderGuid:0BA5F0A04EADB18E70D5B180D08FA34B
 |   |   |- Guid:C72538024972E1997CF526AE7B7715FB BaseClass: NativeClass:/Script/Engine.StaticMeshActor Name:StaticMeshActor_UAID_F8B46AAA9712245702_1873581730 Label:defaultMaterial1 SpatiallyLoaded:1 Bounds:IsValid=true, Min=(X=2403.947 Y=2257.176 Z=14.671), Max=(X=2408.114 Y=2259.206 Z=16.701) RuntimeGrid:None EditorOnly:0 RuntimeOnly:0 HLODRelevant:1 ListedInSceneOutliner:1 IsMainWorldOnly:0
 |   |   |- Guid:CE8D82634660FCDB3120E2B8D547C533 BaseClass: NativeClass:/Script/Engine.PostProcessVolume Name:PostProcessVolume_0 Label:PostProcessVolume SpatiallyLoaded:0 Bounds:IsValid=true, Min=(X=0.000 Y=0.000 Z=400.000), Max=(X=200.000 Y=200.000 Z=600.000) RuntimeGrid:None EditorOnly:0 RuntimeOnly:0 HLODRelevant:0 ListedInSceneOutliner:1 IsMainWorldOnly:0 FolderPath:Lighting FolderGuid:0BA5F0A04EADB18E70D5B180D08FA34B
 |   |   |- Guid:D953E54847CA669437540ABFB4DC01F2 BaseClass: NativeClass:/Script/Engine.PointLight Name:PointLight_UAID_F8B46AAA9712245702_1159965720 Label:PointLight10 SpatiallyLoaded:1 Bounds:IsValid=true, Min=(X=-30.000 Y=2190.000 Z=-810.000), Max=(X=1970.000 Y=4190.000 Z=1190.000) RuntimeGrid:None EditorOnly:0 RuntimeOnly:0 HLODRelevant:0 ListedInSceneOutliner:1 IsMainWorldOnly:0
 |   |   |- Guid:E5320C1B4FD9764CE7B54D8487AEC613 BaseClass: NativeClass:/Script/Engine.SkyLight Name:SkyLight_0 Label:SkyLight SpatiallyLoaded:0 Bounds:IsValid=true, Min=(X=0.000 Y=0.000 Z=690.000), Max=(X=0.000 Y=0.000 Z=690.000) RuntimeGrid:None EditorOnly:0 RuntimeOnly:0 HLODRelevant:0 ListedInSceneOutliner:1 IsMainWorldOnly:0 FolderPath:Lighting FolderGuid:0BA5F0A04EADB18E70D5B180D08FA34B
 |   |   |- Guid:E6DBC79146895B21E3224DA25335B968 BaseClass: NativeClass:/Script/Engine.PointLight Name:PointLight_UAID_F8B46AAA9712245702_1079245713 Label:PointLight3 SpatiallyLoaded:1 Bounds:IsValid=true, Min=(X=-360.000 Y=210.000 Z=-810.000), Max=(X=1640.000 Y=2210.000 Z=1190.000) RuntimeGrid:None EditorOnly:0 RuntimeOnly:0 HLODRelevant:0 ListedInSceneOutliner:1 IsMainWorldOnly:0
 |   |   |- Guid:EC5843BC42A7929A40CE6199F39AEAEE BaseClass: NativeClass:/Script/Engine.SpotLight Name:SpotLight_UAID_F8B46AAA9712245702_1322181722 Label:SpotLight2 SpatiallyLoaded:1 Bounds:IsValid=true, Min=(X=1494.918 Y=1414.918 Z=-1060.164), Max=(X=2885.082 Y=2805.082 Z=330.000) RuntimeGrid:None EditorOnly:0 RuntimeOnly:0 HLODRelevant:0 ListedInSceneOutliner:1 IsMainWorldOnly:0
 |   |   |- Guid:EE66F4454A4A9F99393F559AB739C05E BaseClass:/Game/FirstPerson/Blueprints/BP_Pickup_Rifle.BP_Pickup_Rifle_C NativeClass:/Script/Engine.Actor Name:BP_Rifle_C_1 Label:BP_Pickup_Rifle SpatiallyLoaded:1 Bounds:IsValid=true, Min=(X=1378.000 Y=158.000 Z=64.000), Max=(X=1442.000 Y=247.440 Z=128.000) RuntimeGrid:None EditorOnly:0 RuntimeOnly:0 HLODRelevant:0 ListedInSceneOutliner:1 IsMainWorldOnly:0
 |   |   |- Guid:F04415D8409B693143ADF48EE6DB2C64 BaseClass: NativeClass:/Script/Engine.StaticMeshActor Name:StaticMeshActor_UAID_F8B46AAA9712245702_1873586731 Label:defaultMaterial12 SpatiallyLoaded:1 Bounds:IsValid=true, Min=(X=2406.400 Y=2233.450 Z=10.580), Max=(X=2408.751 Y=2242.580 Z=12.782) RuntimeGrid:None EditorOnly:0 RuntimeOnly:0 HLODRelevant:1 ListedInSceneOutliner:1 IsMainWorldOnly:0
 |   |   |- Guid:F11A616B49492FC7B4D184AB1466D32E BaseClass: NativeClass:/Script/Engine.StaticMeshActor Name:StaticMeshActor_UAID_F8B46AAA9712235702_1699483531 Label:SM_Cube7 SpatiallyLoaded:1 Bounds:IsValid=true, Min=(X=-80.000 Y=980.000 Z=0.000), Max=(X=3220.000 Y=1080.000 Z=400.000) RuntimeGrid:None EditorOnly:0 RuntimeOnly:0 HLODRelevant:1 ListedInSceneOutliner:1 IsMainWorldOnly:0 FolderPath:Playground FolderGuid:6C02BB504B69D1F3D7A624B130C18E5B
 |   |   |- Guid:F80621C9446867154938FE81375207DA BaseClass: NativeClass:/Script/Engine.DirectionalLight Name:DirectionalLight_1 Label:DirectionalLight SpatiallyLoaded:0 Bounds:IsValid=true, Min=(X=-1048576.000 Y=-1048576.000 Z=-1048576.000), Max=(X=1048576.000 Y=1048576.000 Z=1048576.000) RuntimeGrid:None EditorOnly:0 RuntimeOnly:0 HLODRelevant:0 ListedInSceneOutliner:1 IsMainWorldOnly:0 FolderPath:Lighting FolderGuid:0BA5F0A04EADB18E70D5B180D08FA34B
 |   |   |- Guid:FF08EDDC4E6F33D974996393FAFC62D0 BaseClass: NativeClass:/Script/Engine.SpotLight Name:SpotLight_UAID_F8B46AAA9712245702_1327113723 Label:SpotLight3 SpatiallyLoaded:1 Bounds:IsValid=true, Min=(X=1504.918 Y=1104.918 Z=-1060.164), Max=(X=2895.082 Y=2495.082 Z=330.000) RuntimeGrid:None EditorOnly:0 RuntimeOnly:0 HLODRelevant:0 ListedInSceneOutliner:1 IsMainWorldOnly:0
 |   |- [+] Clusters:
 |   |   |- [+] [  0]
 |   |   |   |- Guid:005EF1F444461158801AF69C01ED75D5 BaseClass:/Game/BP_EnemyAngel.BP_EnemyAngel_C NativeClass:/Script/Engine.Character Name:BP_EnemyAngel_C_UAID_F8B46AAA9712245702_1370653724 Label:BP_EnemyAngel4 SpatiallyLoaded:1 Bounds:IsValid=true, Min=(X=2146.000 Y=2509.230 Z=-4.771), Max=(X=2214.000 Y=2690.773 Z=180.771) RuntimeGrid:None EditorOnly:0 RuntimeOnly:0 HLODRelevant:0 ListedInSceneOutliner:1 IsMainWorldOnly:0
 |   |   |- [+] [  1]
 |   |   |   |- Guid:02220B054EB6B1848685F580FC89FF07 BaseClass: NativeClass:/Script/Engine.StaticMeshActor Name:StaticMeshActor_UAID_F8B46AAA9712245702_1873595734 Label:defaultMaterial12345 SpatiallyLoaded:1 Bounds:IsValid=true, Min=(X=2368.870 Y=2185.282 Z=19.606), Max=(X=2372.710 Y=2274.718 Z=87.738) RuntimeGrid:None EditorOnly:0 RuntimeOnly:0 HLODRelevant:1 ListedInSceneOutliner:1 IsMainWorldOnly:0
 |   |   |- [+] [  2]
 |   |   |   |- Guid:07CB33B04492A4AE49BC67B34B9984B2 BaseClass: NativeClass:/Script/Engine.StaticMeshActor Name:StaticMeshActor_UAID_F8B46AAA9712245702_1458841725 Label:Cube SpatiallyLoaded:1 Bounds:IsValid=true, Min=(X=955.000 Y=2900.000 Z=2.500), Max=(X=1405.000 Y=3000.000 Z=377.500) RuntimeGrid:None EditorOnly:0 RuntimeOnly:0 HLODRelevant:1 ListedInSceneOutliner:1 IsMainWorldOnly:0
 |   |   |- [+] [  3]
 |   |   |   |- Guid:0890A03C44339323F38C0483F7A43C6D BaseClass: NativeClass:/Script/Engine.PointLight Name:PointLight_UAID_F8B46AAA9712245702_1093819716 Label:PointLight6 SpatiallyLoaded:1 Bounds:IsValid=true, Min=(X=1420.000 Y=220.000 Z=-810.000), Max=(X=3420.000 Y=2220.000 Z=1190.000) RuntimeGrid:None EditorOnly:0 RuntimeOnly:0 HLODRelevant:0 ListedInSceneOutliner:1 IsMainWorldOnly:0
 |   |   |- [+] [  4]
 |   |   |   |- Guid:0CB6EC6746C1EACDD83B1C83E747AD93 BaseClass: NativeClass:/Script/Engine.StaticMeshActor Name:StaticMeshActor_UAID_F8B46AAA9712245702_1873603736 Label:defaultMaterial1234567 SpatiallyLoaded:1 Bounds:IsValid=true, Min=(X=2368.093 Y=2183.200 Z=0.000), Max=(X=2401.670 Y=2276.800 Z=90.472) RuntimeGrid:None EditorOnly:0 RuntimeOnly:0 HLODRelevant:1 ListedInSceneOutliner:1 IsMainWorldOnly:0
 |   |   |- [+] [  5]
 |   |   |   |- Guid:0EDB289B45CB7E0977A6DBA74201EE76 BaseClass: NativeClass:/Script/Engine.StaticMeshActor Name:StaticMeshActor_10 Label:SM_Cube6 SpatiallyLoaded:1 Bounds:IsValid=true, Min=(X=2530.000 Y=100.000 Z=0.000), Max=(X=2630.000 Y=3400.000 Z=400.000) RuntimeGrid:None EditorOnly:0 RuntimeOnly:0 HLODRelevant:1 ListedInSceneOutliner:1 IsMainWorldOnly:0 FolderPath:Playground FolderGuid:6C02BB504B69D1F3D7A624B130C18E5B
 |   |   |- [+] [  6]
 |   |   |   |- Guid:186DB7D34576671E4BEB7781AD75AA65 BaseClass:/Game/BP_EnemyAngel.BP_EnemyAngel_C NativeClass:/Script/Engine.Character Name:BP_EnemyAngel_C_UAID_F8B46AAA9712225702_1448684353 Label:BP_EnemyAngel2 SpatiallyLoaded:1 Bounds:IsValid=true, Min=(X=2156.000 Y=1999.230 Z=-4.771), Max=(X=2224.000 Y=2180.773 Z=180.771) RuntimeGrid:None EditorOnly:0 RuntimeOnly:0 HLODRelevant:0 ListedInSceneOutliner:1 IsMainWorldOnly:0
 |   |   |- [+] [  7]
 |   |   |   |- Guid:1AA627B84FEEA35A6E0E12A255680341 BaseClass: NativeClass:/Script/Engine.PointLight Name:PointLight_UAID_F8B46AAA9712235702_2140158536 Label:PointLight2 SpatiallyLoaded:1 Bounds:IsValid=true, Min=(X=-350.000 Y=1370.000 Z=-810.000), Max=(X=1650.000 Y=3370.000 Z=1190.000) RuntimeGrid:None EditorOnly:0 RuntimeOnly:0 HLODRelevant:0 ListedInSceneOutliner:1 IsMainWorldOnly:0
 |   |   |- [+] [  8]
 |   |   |   |- Guid:21262252453B37957EF29F82ABA2413B BaseClass: NativeClass:/Script/Engine.TextRenderActor Name:TextRenderActor_1 Label:TextRenderActor SpatiallyLoaded:1 Bounds:IsValid=true, Min=(X=-0.100 Y=1100.000 Z=65.013), Max=(X=-0.100 Y=2363.461 Z=215.013) RuntimeGrid:None EditorOnly:0 RuntimeOnly:0 HLODRelevant:0 ListedInSceneOutliner:1 IsMainWorldOnly:0
 |   |   |- [+] [  9]
 |   |   |   |- Guid:28B8E7FE437F767F8741328CB259BD41 BaseClass: NativeClass:/Script/Engine.StaticMeshActor Name:StaticMeshActor_UAID_F8B46AAA9712235702_1869971534 Label:SM_Cube2 SpatiallyLoaded:1 Bounds:IsValid=true, Min=(X=10.000 Y=10.000 Z=420.000), Max=(X=3010.000 Y=3510.000 Z=470.000) RuntimeGrid:None EditorOnly:0 RuntimeOnly:0 HLODRelevant:1 ListedInSceneOutliner:1 IsMainWorldOnly:0 FolderPath:Playground FolderGuid:6C02BB504B69D1F3D7A624B130C18E5B
 |   |   |- [+] [ 10]
 |   |   |   |- Guid:2D1E45674FAACDDC97DDC0B694B3A0B5 BaseClass: NativeClass:/Script/Engine.PointLight Name:PointLight_UAID_F8B46AAA9712245702_1093816715 Label:PointLight5 SpatiallyLoaded:1 Bounds:IsValid=true, Min=(X=1430.000 Y=1380.000 Z=-810.000), Max=(X=3430.000 Y=3380.000 Z=1190.000) RuntimeGrid:None EditorOnly:0 RuntimeOnly:0 HLODRelevant:0 ListedInSceneOutliner:1 IsMainWorldOnly:0
 |   |   |- [+] [ 11]
 |   |   |   |- Guid:34442BFA4FB643072FC6DBB1646312FD BaseClass:/Game/BP_EnemyAngel.BP_EnemyAngel_C NativeClass:/Script/Engine.Character Name:BP_EnemyAngel_C_UAID_F8B46AAA9712225702_1451615354 Label:BP_EnemyAngel3 SpatiallyLoaded:1 Bounds:IsValid=true, Min=(X=2146.000 Y=1659.230 Z=-4.771), Max=(X=2214.000 Y=1840.773 Z=180.771) RuntimeGrid:None EditorOnly:0 RuntimeOnly:0 HLODRelevant:0 ListedInSceneOutliner:1 IsMainWorldOnly:0
 |   |   |- [+] [ 12]
 |   |   |   |- Guid:35E177DE4A14A55F43A6A7AB494089CE BaseClass: NativeClass:/Script/Engine.StaticMeshActor Name:StaticMeshActor_UAID_F8B46AAA9712245702_1873599735 Label:defaultMaterial123456 SpatiallyLoaded:1 Bounds:IsValid=true, Min=(X=2367.866 Y=2205.913 Z=9.095), Max=(X=2368.817 Y=2225.673 Z=11.608) RuntimeGrid:None EditorOnly:0 RuntimeOnly:0 HLODRelevant:1 ListedInSceneOutliner:1 IsMainWorldOnly:0
 |   |   |- [+] [ 13]
 |   |   |   |- Guid:4FD45A2B4CF7A2E90C64C28A14D0DF22 BaseClass: NativeClass:/Script/Engine.PointLight Name:PointLight_UAID_F8B46AAA9712245702_1150142719 Label:PointLight9 SpatiallyLoaded:1 Bounds:IsValid=true, Min=(X=1010.000 Y=2180.000 Z=-810.000), Max=(X=3010.000 Y=4180.000 Z=1190.000) RuntimeGrid:None EditorOnly:0 RuntimeOnly:0 HLODRelevant:0 ListedInSceneOutliner:1 IsMainWorldOnly:0
 |   |   |- [+] [ 14]
 |   |   |   |- Guid:4FEE995946594B0A6537C5A7324B65D1 BaseClass: NativeClass:/Script/Engine.StaticMeshActor Name:StaticMeshActor_UAID_F8B46AAA9712245702_1873577729 Label:defaultMaterial SpatiallyLoaded:1 Bounds:IsValid=true, Min=(X=2367.871 Y=2224.905 Z=15.549), Max=(X=2368.208 Y=2235.049 Z=17.386) RuntimeGrid:None EditorOnly:0 RuntimeOnly:0 HLODRelevant:1 ListedInSceneOutliner:1 IsMainWorldOnly:0
 |   |   |- [+] [ 15]
 |   |   |   |- Guid:5409B8BD48C25F50733C78B46162D407 BaseClass: NativeClass:/Script/NavigationSystem.RecastNavMesh Name:RecastNavMesh_UAID_F8B46AAA9712B05602-Default Label:RecastNavMesh-Default SpatiallyLoaded:0 Bounds:IsValid=true, Min=(X=0.000 Y=0.000 Z=0.000), Max=(X=0.000 Y=0.000 Z=0.000) RuntimeGrid:None EditorOnly:0 RuntimeOnly:0 HLODRelevant:0 ListedInSceneOutliner:1 IsMainWorldOnly:0
 |   |   |- [+] [ 16]
 |   |   |   |- Guid:55F42FE44C1BD93BC747718F3A1B14E3 BaseClass: NativeClass:/Script/Engine.PointLight Name:PointLight_UAID_F8B46AAA9712245702_1093813714 Label:PointLight4 SpatiallyLoaded:1 Bounds:IsValid=true, Min=(X=1420.000 Y=2100.000 Z=-810.000), Max=(X=3420.000 Y=4100.000 Z=1190.000) RuntimeGrid:None EditorOnly:0 RuntimeOnly:0 HLODRelevant:0 ListedInSceneOutliner:1 IsMainWorldOnly:0
 |   |   |- [+] [ 17]
 |   |   |   |- Guid:5997D75D46779A0FD8E14BB1BC0243BB BaseClass: NativeClass:/Script/Engine.StaticMeshActor Name:StaticMeshActor_UAID_F8B46AAA9712235702_1745018532 Label:SM_Cube8 SpatiallyLoaded:1 Bounds:IsValid=true, Min=(X=520.000 Y=110.000 Z=0.000), Max=(X=620.000 Y=3410.000 Z=400.000) RuntimeGrid:None EditorOnly:0 RuntimeOnly:0 HLODRelevant:1 ListedInSceneOutliner:1 IsMainWorldOnly:0 FolderPath:Playground FolderGuid:6C02BB504B69D1F3D7A624B130C18E5B
 |   |   |- [+] [ 18]
 |   |   |   |- Guid:5AEF1C514AA2B976C678EDB7228620F9 BaseClass: NativeClass:/Script/Engine.PointLight Name:PointLight_UAID_F8B46AAA9712245702_1632635728 Label:PointLight12 SpatiallyLoaded:1 Bounds:IsValid=true, Min=(X=170.000 Y=600.000 Z=-810.000), Max=(X=2170.000 Y=2600.000 Z=1190.000) RuntimeGrid:None EditorOnly:0 RuntimeOnly:0 HLODRelevant:0 ListedInSceneOutliner:1 IsMainWorldOnly:0
 |   |   |- [+] [ 19]
 |   |   |   |- Guid:5FD5E63C4AB4A201AD50CB825E93D91B BaseClass: NativeClass:/Script/Engine.StaticMeshActor Name:StaticMeshActor_UAID_F8B46AAA9712245702_1873589732 Label:defaultMaterial123 SpatiallyLoaded:1 Bounds:IsValid=true, Min=(X=2368.540 Y=2239.534 Z=9.498), Max=(X=2370.892 Y=2248.664 Z=11.700) RuntimeGrid:None EditorOnly:0 RuntimeOnly:0 HLODRelevant:1 ListedInSceneOutliner:1 IsMainWorldOnly:0
 |   |   |- [+] [ 20]
 |   |   |   |- Guid:5FE7584649BB6F09265329A6C57CFD0D BaseClass: NativeClass:/Script/Engine.VolumetricCloud Name:VolumetricCloud_0 Label:VolumetricCloud SpatiallyLoaded:0 Bounds:IsValid=true, Min=(X=0.000 Y=0.000 Z=820.000), Max=(X=0.000 Y=0.000 Z=820.000) RuntimeGrid:None EditorOnly:0 RuntimeOnly:0 HLODRelevant:0 ListedInSceneOutliner:1 IsMainWorldOnly:0 FolderPath:Lighting FolderGuid:0BA5F0A04EADB18E70D5B180D08FA34B
 |   |   |- [+] [ 21]
 |   |   |   |- Guid:61391D344900612A77DFC3BA3E354907 BaseClass: NativeClass:/Script/Engine.ExponentialHeightFog Name:ExponentialHeightFog_0 Label:ExponentialHeightFog SpatiallyLoaded:0 Bounds:IsValid=true, Min=(X=-5600.000 Y=-50.000 Z=-6850.000), Max=(X=-5600.000 Y=-50.000 Z=-6850.000) RuntimeGrid:None EditorOnly:0 RuntimeOnly:0 HLODRelevant:0 ListedInSceneOutliner:1 IsMainWorldOnly:0 FolderPath:Lighting FolderGuid:0BA5F0A04EADB18E70D5B180D08FA34B
 |   |   |- [+] [ 22]
 |   |   |   |- Guid:6F4D92CC4E10564F9B2B07A96EA2F928 BaseClass: NativeClass:/Script/Engine.SpotLight Name:SpotLight_UAID_F8B46AAA9712245702_1200717721 Label:SpotLight SpatiallyLoaded:1 Bounds:IsValid=true, Min=(X=1484.918 Y=1694.918 Z=-1060.164), Max=(X=2875.082 Y=3085.082 Z=330.000) RuntimeGrid:None EditorOnly:0 RuntimeOnly:0 HLODRelevant:0 ListedInSceneOutliner:1 IsMainWorldOnly:0
 |   |   |- [+] [ 23]
 |   |   |   |- Guid:6FEFB3BD4EB37B849EF0D4AC80F83855 BaseClass: NativeClass:/Script/Engine.WorldDataLayers Name:WorldDataLayers Label:WorldDataLayers SpatiallyLoaded:0 Bounds:IsValid=true, Min=(X=0.000 Y=0.000 Z=0.000), Max=(X=0.000 Y=0.000 Z=0.000) RuntimeGrid:None EditorOnly:0 RuntimeOnly:0 HLODRelevant:0 ListedInSceneOutliner:1 IsMainWorldOnly:1
 |   |   |- [+] [ 24]
 |   |   |   |- Guid:78CAF7514C7533F30BD2F19A017AAB65 BaseClass: NativeClass:/Script/Engine.StaticMeshActor Name:StaticMeshActor_0 Label:SM_Cube SpatiallyLoaded:1 Bounds:IsValid=true, Min=(X=0.000 Y=0.000 Z=-50.000), Max=(X=3000.000 Y=3500.000 Z=0.000) RuntimeGrid:None EditorOnly:0 RuntimeOnly:0 HLODRelevant:1 ListedInSceneOutliner:1 IsMainWorldOnly:0 FolderPath:Playground FolderGuid:6C02BB504B69D1F3D7A624B130C18E5B
 |   |   |- [+] [ 25]
 |   |   |   |- Guid:8344DC6E46FC84C1CD34DEBECA83CF44 BaseClass: NativeClass:/Script/Engine.PointLight Name:PointLight_UAID_F8B46AAA9712245702_1137216718 Label:PointLight8 SpatiallyLoaded:1 Bounds:IsValid=true, Min=(X=0.000 Y=90.000 Z=-810.000), Max=(X=2000.000 Y=2090.000 Z=1190.000) RuntimeGrid:None EditorOnly:0 RuntimeOnly:0 HLODRelevant:0 ListedInSceneOutliner:1 IsMainWorldOnly:0
 |   |   |- [+] [ 26]
 |   |   |   |- Guid:8806DCA64AF250F0F8E404851B88DA62 BaseClass: NativeClass:/Script/Engine.StaticMeshActor Name:StaticMeshActor_UAID_F8B46AAA9712235702_1789901533 Label:SM_Cube9 SpatiallyLoaded:1 Bounds:IsValid=true, Min=(X=-480.000 Y=3210.000 Z=0.000), Max=(X=2820.000 Y=3310.000 Z=400.000) RuntimeGrid:None EditorOnly:0 RuntimeOnly:0 HLODRelevant:1 ListedInSceneOutliner:1 IsMainWorldOnly:0 FolderPath:Playground FolderGuid:6C02BB504B69D1F3D7A624B130C18E5B
 |   |   |- [+] [ 27]
 |   |   |   |- Guid:893C24EF48D604B13400398A5051B2E5 BaseClass: NativeClass:/Script/Engine.PointLight Name:PointLight_UAID_F8B46AAA9712245702_1124831717 Label:PointLight7 SpatiallyLoaded:1 Bounds:IsValid=true, Min=(X=1080.000 Y=100.000 Z=-810.000), Max=(X=3080.000 Y=2100.000 Z=1190.000) RuntimeGrid:None EditorOnly:0 RuntimeOnly:0 HLODRelevant:0 ListedInSceneOutliner:1 IsMainWorldOnly:0
 |   |   |- [+] [ 28]
 |   |   |   |- Guid:9275A3EC46A9EEAA450921B70316AB0C BaseClass: NativeClass:/Script/Engine.StaticMeshActor Name:StaticMeshActor_UAID_F8B46AAA9712245702_1506333726 Label:Cube2 SpatiallyLoaded:1 Bounds:IsValid=true, Min=(X=965.000 Y=1480.000 Z=2.500), Max=(X=1415.000 Y=1580.000 Z=377.500) RuntimeGrid:None EditorOnly:0 RuntimeOnly:0 HLODRelevant:1 ListedInSceneOutliner:1 IsMainWorldOnly:0
 |   |   |- [+] [ 29]
 |   |   |   |- Guid:981D5E6A459A9730CC6252BD36D6314B BaseClass: NativeClass:/Script/Engine.TriggerBox Name:TriggerBox_UAID_F8B46AAA9712265702_1130633093 Label:TriggerBox2 SpatiallyLoaded:1 Bounds:IsValid=true, Min=(X=2250.000 Y=2090.000 Z=30.000), Max=(X=2330.000 Y=2170.000 Z=110.000) RuntimeGrid:None EditorOnly:0 RuntimeOnly:0 HLODRelevant:0 ListedInSceneOutliner:1 IsMainWorldOnly:0
 |   |   |- [+] [ 30]
 |   |   |   |- Guid:9B1A907E48B45E18F9A378A69E8C8884 BaseClass:/Game/BP_EnemyAngel.BP_EnemyAngel_C NativeClass:/Script/Engine.Character Name:BP_EnemyAngel_C_UAID_F8B46AAA9712225702_1084866352 Label:BP_EnemyAngel SpatiallyLoaded:1 Bounds:IsValid=true, Min=(X=2136.000 Y=2269.230 Z=-4.771), Max=(X=2204.000 Y=2450.773 Z=180.771) RuntimeGrid:None EditorOnly:0 RuntimeOnly:0 HLODRelevant:0 ListedInSceneOutliner:1 IsMainWorldOnly:0
 |   |   |- [+] [ 31]
 |   |   |   |- Guid:9E28BC714FDD769F0FB4C69A7296BA14 BaseClass: NativeClass:/Script/Engine.StaticMeshActor Name:StaticMeshActor_UAID_F8B46AAA9712245702_2073767738 Label:Plane SpatiallyLoaded:1 Bounds:IsValid=true, Min=(X=2360.000 Y=2205.000 Z=35.000), Max=(X=2360.000 Y=2255.000 Z=85.000) RuntimeGrid:None EditorOnly:0 RuntimeOnly:0 HLODRelevant:1 ListedInSceneOutliner:1 IsMainWorldOnly:0
 |   |   |- [+] [ 32]
 |   |   |   |- Guid:A1EF19A244DD12A3B7CEF681433A56A9 BaseClass: NativeClass:/Script/Engine.StaticMeshActor Name:StaticMeshActor_UAID_F8B46AAA9712245702_1873592733 Label:defaultMaterial1234 SpatiallyLoaded:1 Bounds:IsValid=true, Min=(X=2406.519 Y=2235.278 Z=12.520), Max=(X=2407.177 Y=2237.400 Z=14.642) RuntimeGrid:None EditorOnly:0 RuntimeOnly:0 HLODRelevant:1 ListedInSceneOutliner:1 IsMainWorldOnly:0
 |   |   |- [+] [ 33]
 |   |   |   |- Guid:A354B1B24E617A525DC6B48CCDE2417E BaseClass: NativeClass:/Script/Engine.PlayerStart Name:PlayerStart_0 Label:PlayerStart SpatiallyLoaded:0 Bounds:IsValid=true, Min=(X=860.000 Y=2170.000 Z=0.013), Max=(X=940.000 Y=2250.000 Z=184.013) RuntimeGrid:None EditorOnly:0 RuntimeOnly:0 HLODRelevant:0 ListedInSceneOutliner:1 IsMainWorldOnly:0
 |   |   |- [+] [ 34]
 |   |   |   |- Guid:AF498A064B4D90D1051630A2C568AF33 BaseClass: NativeClass:/Script/Engine.StaticMeshActor Name:StaticMeshActor_UAID_F8B46AAA9712245702_1873606737 Label:defaultMaterial12345678 SpatiallyLoaded:1 Bounds:IsValid=true, Min=(X=2401.670 Y=2183.658 Z=0.452), Max=(X=2445.277 Y=2276.415 Z=90.020) RuntimeGrid:None EditorOnly:0 RuntimeOnly:0 HLODRelevant:1 ListedInSceneOutliner:1 IsMainWorldOnly:0
 |   |   |- [+] [ 35]
 |   |   |   |- Guid:B63A828E48BBDEB006167BADEACDDEBA BaseClass: NativeClass:/Script/NavigationSystem.NavMeshBoundsVolume Name:NavMeshBoundsVolume_UAID_F8B46AAA9712B05602_1377363291 Label:NavMeshBoundsVolume SpatiallyLoaded:0 Bounds:IsValid=true, Min=(X=130.000 Y=-540.000 Z=-485.000), Max=(X=2930.000 Y=3560.000 Z=665.000) RuntimeGrid:None EditorOnly:0 RuntimeOnly:0 HLODRelevant:0 ListedInSceneOutliner:1 IsMainWorldOnly:0
 |   |   |- [+] [ 36]
 |   |   |   |- Guid:B850DD4C49D87BD32E22D792F92A0AC4 BaseClass: NativeClass:/Script/Engine.PointLight Name:PointLight_UAID_F8B46AAA9712245702_1610989727 Label:PointLight11 SpatiallyLoaded:1 Bounds:IsValid=true, Min=(X=200.000 Y=1860.000 Z=-810.000), Max=(X=2200.000 Y=3860.000 Z=1190.000) RuntimeGrid:None EditorOnly:0 RuntimeOnly:0 HLODRelevant:0 ListedInSceneOutliner:1 IsMainWorldOnly:0
 |   |   |- [+] [ 37]
 |   |   |   |- Guid:B860C78645A6A79CFC0FE5ABBCED4653 BaseClass: NativeClass:/Script/Engine.TriggerBox Name:TriggerBox_UAID_F8B46AAA9712255702_2016317916 Label:TriggerBox SpatiallyLoaded:1 Bounds:IsValid=true, Min=(X=2270.000 Y=2270.000 Z=-10.000), Max=(X=2350.000 Y=2350.000 Z=70.000) RuntimeGrid:None EditorOnly:0 RuntimeOnly:0 HLODRelevant:0 ListedInSceneOutliner:1 IsMainWorldOnly:0
 |   |   |- [+] [ 38]
 |   |   |   |- Guid:C0C56B9644AE3D40CAFF6A878DB29844 BaseClass: NativeClass:/Script/Engine.StaticMeshActor Name:StaticMeshActor_UAID_A4AE111137DC5EFB00_2001720423 Label:SM_SkySphere SpatiallyLoaded:0 Bounds:IsValid=true, Min=(X=-1638400.000 Y=-1638400.000 Z=-1638400.000), Max=(X=1638400.000 Y=1638400.000 Z=1638400.000) RuntimeGrid:None EditorOnly:0 RuntimeOnly:0 HLODRelevant:1 ListedInSceneOutliner:1 IsMainWorldOnly:0 FolderPath:Lighting FolderGuid:0BA5F0A04EADB18E70D5B180D08FA34B
 |   |   |- [+] [ 39]
 |   |   |   |- Guid:C1217F314FD2E8BF430389A703E2F0E7 BaseClass: NativeClass:/Script/Engine.PointLight Name:PointLight_UAID_F8B46AAA9712235702_2009801535 Label:PointLight SpatiallyLoaded:1 Bounds:IsValid=true, Min=(X=-360.000 Y=2090.000 Z=-810.000), Max=(X=1640.000 Y=4090.000 Z=1190.000) RuntimeGrid:None EditorOnly:0 RuntimeOnly:0 HLODRelevant:0 ListedInSceneOutliner:1 IsMainWorldOnly:0
 |   |   |- [+] [ 40]
 |   |   |   |- Guid:C22CE07C4B87D685137FDBBC10FC92C6 BaseClass: NativeClass:/Script/Engine.SkyAtmosphere Name:SkyAtmosphere_0 Label:SkyAtmosphere SpatiallyLoaded:0 Bounds:IsValid=true, Min=(X=0.000 Y=0.000 Z=1020.000), Max=(X=0.000 Y=0.000 Z=1020.000) RuntimeGrid:None EditorOnly:0 RuntimeOnly:0 HLODRelevant:0 ListedInSceneOutliner:1 IsMainWorldOnly:0 FolderPath:Lighting FolderGuid:0BA5F0A04EADB18E70D5B180D08FA34B
 |   |   |- [+] [ 41]
 |   |   |   |- Guid:C72538024972E1997CF526AE7B7715FB BaseClass: NativeClass:/Script/Engine.StaticMeshActor Name:StaticMeshActor_UAID_F8B46AAA9712245702_1873581730 Label:defaultMaterial1 SpatiallyLoaded:1 Bounds:IsValid=true, Min=(X=2403.947 Y=2257.176 Z=14.671), Max=(X=2408.114 Y=2259.206 Z=16.701) RuntimeGrid:None EditorOnly:0 RuntimeOnly:0 HLODRelevant:1 ListedInSceneOutliner:1 IsMainWorldOnly:0
 |   |   |- [+] [ 42]
 |   |   |   |- Guid:CE8D82634660FCDB3120E2B8D547C533 BaseClass: NativeClass:/Script/Engine.PostProcessVolume Name:PostProcessVolume_0 Label:PostProcessVolume SpatiallyLoaded:0 Bounds:IsValid=true, Min=(X=0.000 Y=0.000 Z=400.000), Max=(X=200.000 Y=200.000 Z=600.000) RuntimeGrid:None EditorOnly:0 RuntimeOnly:0 HLODRelevant:0 ListedInSceneOutliner:1 IsMainWorldOnly:0 FolderPath:Lighting FolderGuid:0BA5F0A04EADB18E70D5B180D08FA34B
 |   |   |- [+] [ 43]
 |   |   |   |- Guid:D953E54847CA669437540ABFB4DC01F2 BaseClass: NativeClass:/Script/Engine.PointLight Name:PointLight_UAID_F8B46AAA9712245702_1159965720 Label:PointLight10 SpatiallyLoaded:1 Bounds:IsValid=true, Min=(X=-30.000 Y=2190.000 Z=-810.000), Max=(X=1970.000 Y=4190.000 Z=1190.000) RuntimeGrid:None EditorOnly:0 RuntimeOnly:0 HLODRelevant:0 ListedInSceneOutliner:1 IsMainWorldOnly:0
 |   |   |- [+] [ 44]
 |   |   |   |- Guid:E5320C1B4FD9764CE7B54D8487AEC613 BaseClass: NativeClass:/Script/Engine.SkyLight Name:SkyLight_0 Label:SkyLight SpatiallyLoaded:0 Bounds:IsValid=true, Min=(X=0.000 Y=0.000 Z=690.000), Max=(X=0.000 Y=0.000 Z=690.000) RuntimeGrid:None EditorOnly:0 RuntimeOnly:0 HLODRelevant:0 ListedInSceneOutliner:1 IsMainWorldOnly:0 FolderPath:Lighting FolderGuid:0BA5F0A04EADB18E70D5B180D08FA34B
 |   |   |- [+] [ 45]
 |   |   |   |- Guid:E6DBC79146895B21E3224DA25335B968 BaseClass: NativeClass:/Script/Engine.PointLight Name:PointLight_UAID_F8B46AAA9712245702_1079245713 Label:PointLight3 SpatiallyLoaded:1 Bounds:IsValid=true, Min=(X=-360.000 Y=210.000 Z=-810.000), Max=(X=1640.000 Y=2210.000 Z=1190.000) RuntimeGrid:None EditorOnly:0 RuntimeOnly:0 HLODRelevant:0 ListedInSceneOutliner:1 IsMainWorldOnly:0
 |   |   |- [+] [ 46]
 |   |   |   |- Guid:EC5843BC42A7929A40CE6199F39AEAEE BaseClass: NativeClass:/Script/Engine.SpotLight Name:SpotLight_UAID_F8B46AAA9712245702_1322181722 Label:SpotLight2 SpatiallyLoaded:1 Bounds:IsValid=true, Min=(X=1494.918 Y=1414.918 Z=-1060.164), Max=(X=2885.082 Y=2805.082 Z=330.000) RuntimeGrid:None EditorOnly:0 RuntimeOnly:0 HLODRelevant:0 ListedInSceneOutliner:1 IsMainWorldOnly:0
 |   |   |- [+] [ 47]
 |   |   |   |- Guid:EE66F4454A4A9F99393F559AB739C05E BaseClass:/Game/FirstPerson/Blueprints/BP_Pickup_Rifle.BP_Pickup_Rifle_C NativeClass:/Script/Engine.Actor Name:BP_Rifle_C_1 Label:BP_Pickup_Rifle SpatiallyLoaded:1 Bounds:IsValid=true, Min=(X=1378.000 Y=158.000 Z=64.000), Max=(X=1442.000 Y=247.440 Z=128.000) RuntimeGrid:None EditorOnly:0 RuntimeOnly:0 HLODRelevant:0 ListedInSceneOutliner:1 IsMainWorldOnly:0
 |   |   |- [+] [ 48]
 |   |   |   |- Guid:F04415D8409B693143ADF48EE6DB2C64 BaseClass: NativeClass:/Script/Engine.StaticMeshActor Name:StaticMeshActor_UAID_F8B46AAA9712245702_1873586731 Label:defaultMaterial12 SpatiallyLoaded:1 Bounds:IsValid=true, Min=(X=2406.400 Y=2233.450 Z=10.580), Max=(X=2408.751 Y=2242.580 Z=12.782) RuntimeGrid:None EditorOnly:0 RuntimeOnly:0 HLODRelevant:1 ListedInSceneOutliner:1 IsMainWorldOnly:0
 |   |   |- [+] [ 49]
 |   |   |   |- Guid:F11A616B49492FC7B4D184AB1466D32E BaseClass: NativeClass:/Script/Engine.StaticMeshActor Name:StaticMeshActor_UAID_F8B46AAA9712235702_1699483531 Label:SM_Cube7 SpatiallyLoaded:1 Bounds:IsValid=true, Min=(X=-80.000 Y=980.000 Z=0.000), Max=(X=3220.000 Y=1080.000 Z=400.000) RuntimeGrid:None EditorOnly:0 RuntimeOnly:0 HLODRelevant:1 ListedInSceneOutliner:1 IsMainWorldOnly:0 FolderPath:Playground FolderGuid:6C02BB504B69D1F3D7A624B130C18E5B
 |   |   |- [+] [ 50]
 |   |   |   |- Guid:F80621C9446867154938FE81375207DA BaseClass: NativeClass:/Script/Engine.DirectionalLight Name:DirectionalLight_1 Label:DirectionalLight SpatiallyLoaded:0 Bounds:IsValid=true, Min=(X=-1048576.000 Y=-1048576.000 Z=-1048576.000), Max=(X=1048576.000 Y=1048576.000 Z=1048576.000) RuntimeGrid:None EditorOnly:0 RuntimeOnly:0 HLODRelevant:0 ListedInSceneOutliner:1 IsMainWorldOnly:0 FolderPath:Lighting FolderGuid:0BA5F0A04EADB18E70D5B180D08FA34B
 |   |   |- [+] [ 51]
 |   |   |   |- Guid:FF08EDDC4E6F33D974996393FAFC62D0 BaseClass: NativeClass:/Script/Engine.SpotLight Name:SpotLight_UAID_F8B46AAA9712245702_1327113723 Label:SpotLight3 SpatiallyLoaded:1 Bounds:IsValid=true, Min=(X=1504.918 Y=1104.918 Z=-1060.164), Max=(X=2895.082 Y=2495.082 Z=330.000) RuntimeGrid:None EditorOnly:0 RuntimeOnly:0 HLODRelevant:0 ListedInSceneOutliner:1 IsMainWorldOnly:0
 |- ContainerInstances:
 |- [+] MainContainer:
 |   |-        ID: 00000000000000000000000000000000
 |   |-  ParentID: 00000000000000000000000000000000
 |   |-    Bounds: IsValid=false, Min=(X=0.000 Y=0.000 Z=0.000), Max=(X=0.000 Y=0.000 Z=0.000)
 |   |- Transform: 0.000000,0.000000,0.000000|0.000000,0.000000,-0.000000|1.000000,1.000000,1.000000
 |   |- Container: /Game/FirstPerson/Maps/FirstPersonMap
----------------------------------------------------------------------------------------------------------------
FirstPersonMap - Persistent Level
----------------------------------------------------------------------------------------------------------------
[+] Content of FirstPersonMap Persistent Level
 |- Always loaded Actor Count: 52 
 |- Actor Path: /Game/FirstPerson/Maps/FirstPersonMap.FirstPersonMap:PersistentLevel.BP_EnemyAngel_C_UAID_F8B46AAA9712225702_1084866352
 |- Actor Package: /Game/__ExternalActors__/FirstPerson/Maps/FirstPersonMap/2/1V/8VJWXEBSGIK77O2ADEDHD6
 |- Actor Path: /Game/FirstPerson/Maps/FirstPersonMap.FirstPersonMap:PersistentLevel.BP_EnemyAngel_C_UAID_F8B46AAA9712225702_1448684353
 |- Actor Package: /Game/__ExternalActors__/FirstPerson/Maps/FirstPersonMap/6/TP/7EWX1VBB3LEUQSIAFAALGL
 |- Actor Path: /Game/FirstPerson/Maps/FirstPersonMap.FirstPersonMap:PersistentLevel.BP_EnemyAngel_C_UAID_F8B46AAA9712225702_1451615354
 |- Actor Package: /Game/__ExternalActors__/FirstPerson/Maps/FirstPersonMap/1/2Y/K5S3E196ZZIL3KGDR88X5C
 |- Actor Path: /Game/FirstPerson/Maps/FirstPersonMap.FirstPersonMap:PersistentLevel.BP_EnemyAngel_C_UAID_F8B46AAA9712245702_1370653724
 |- Actor Package: /Game/__ExternalActors__/FirstPerson/Maps/FirstPersonMap/3/2R/H2WR6BH2IQ4YVYA8QCXA21
 |- Actor Path: /Game/FirstPerson/Maps/FirstPersonMap.FirstPersonMap:PersistentLevel.BP_Rifle_C_1
 |- Actor Package: /Game/__ExternalActors__/FirstPerson/Maps/FirstPersonMap/5/8C/EAHCBN229IT8APJO305AH5
 |- Actor Path: /Game/FirstPerson/Maps/FirstPersonMap.FirstPersonMap:PersistentLevel.DirectionalLight_1
 |- Actor Package: /Game/__ExternalActors__/FirstPerson/Maps/FirstPersonMap/0/WB/V4ALNTJYOVWM8BU452CKV5
 |- Actor Path: /Game/FirstPerson/Maps/FirstPersonMap.FirstPersonMap:PersistentLevel.ExponentialHeightFog_0
 |- Actor Package: /Game/__ExternalActors__/FirstPerson/Maps/FirstPersonMap/0/CL/381LM03PFI8AF9NED1SEV2
 |- Actor Path: /Game/FirstPerson/Maps/FirstPersonMap.FirstPersonMap:PersistentLevel.NavMeshBoundsVolume_UAID_F8B46AAA9712B05602_1377363291
 |- Actor Package: /Game/__ExternalActors__/FirstPerson/Maps/FirstPersonMap/9/7S/P0EM9L4BU4FAEVQUNY1LEL
 |- Actor Path: /Game/FirstPerson/Maps/FirstPersonMap.FirstPersonMap:PersistentLevel.PlayerStart_0
 |- Actor Package: /Game/__ExternalActors__/FirstPerson/Maps/FirstPersonMap/8/Z7/W1SXRCM1KAKBJOIZDLHZ47
 |- Actor Path: /Game/FirstPerson/Maps/FirstPersonMap.FirstPersonMap:PersistentLevel.PointLight_UAID_F8B46AAA9712235702_2009801535
 |- Actor Package: /Game/__ExternalActors__/FirstPerson/Maps/FirstPersonMap/7/VA/1HHYDGEEGW14P8HDDP9MHT
 |- Actor Path: /Game/FirstPerson/Maps/FirstPersonMap.FirstPersonMap:PersistentLevel.PointLight_UAID_F8B46AAA9712235702_2140158536
 |- Actor Package: /Game/__ExternalActors__/FirstPerson/Maps/FirstPersonMap/E/1U/C4L2IB2STMXS7ZVHB2I9IS
 |- Actor Path: /Game/FirstPerson/Maps/FirstPersonMap.FirstPersonMap:PersistentLevel.PointLight_UAID_F8B46AAA9712245702_1079245713
 |- Actor Package: /Game/__ExternalActors__/FirstPerson/Maps/FirstPersonMap/C/ZU/GWBVEX9S1JWGGSECUANXNW
 |- Actor Path: /Game/FirstPerson/Maps/FirstPersonMap.FirstPersonMap:PersistentLevel.PointLight_UAID_F8B46AAA9712245702_1093813714
 |- Actor Package: /Game/__ExternalActors__/FirstPerson/Maps/FirstPersonMap/8/XG/E6E54GP17730IWT8HXA1P6
 |- Actor Path: /Game/FirstPerson/Maps/FirstPersonMap.FirstPersonMap:PersistentLevel.PointLight_UAID_F8B46AAA9712245702_1093816715
 |- Actor Package: /Game/__ExternalActors__/FirstPerson/Maps/FirstPersonMap/B/P0/E5UUS6JI2BN4PXDNUHST1J
 |- Actor Path: /Game/FirstPerson/Maps/FirstPersonMap.FirstPersonMap:PersistentLevel.PointLight_UAID_F8B46AAA9712245702_1093819716
 |- Actor Package: /Game/__ExternalActors__/FirstPerson/Maps/FirstPersonMap/B/QO/L9FXBG4HH0TJKRLEJKJYDX
 |- Actor Path: /Game/FirstPerson/Maps/FirstPersonMap.FirstPersonMap:PersistentLevel.PointLight_UAID_F8B46AAA9712245702_1124831717
 |- Actor Package: /Game/__ExternalActors__/FirstPerson/Maps/FirstPersonMap/0/V6/T41LFGESUMD7SL6RX9404B
 |- Actor Path: /Game/FirstPerson/Maps/FirstPersonMap.FirstPersonMap:PersistentLevel.PointLight_UAID_F8B46AAA9712245702_1137216718
 |- Actor Package: /Game/__ExternalActors__/FirstPerson/Maps/FirstPersonMap/B/G9/2I8C2X7UMBO994GRE23EG5
 |- Actor Path: /Game/FirstPerson/Maps/FirstPersonMap.FirstPersonMap:PersistentLevel.PointLight_UAID_F8B46AAA9712245702_1150142719
 |- Actor Package: /Game/__ExternalActors__/FirstPerson/Maps/FirstPersonMap/3/LH/8E98P7X4HMMF5OOCB837RT
 |- Actor Path: /Game/FirstPerson/Maps/FirstPersonMap.FirstPersonMap:PersistentLevel.PointLight_UAID_F8B46AAA9712245702_1159965720
 |- Actor Package: /Game/__ExternalActors__/FirstPerson/Maps/FirstPersonMap/9/YW/66FMMQLSUARVCZV75L08J2
 |- Actor Path: /Game/FirstPerson/Maps/FirstPersonMap.FirstPersonMap:PersistentLevel.PointLight_UAID_F8B46AAA9712245702_1610989727
 |- Actor Package: /Game/__ExternalActors__/FirstPerson/Maps/FirstPersonMap/3/IR/SXU84714MLRIHYRVQ9EODS
 |- Actor Path: /Game/FirstPerson/Maps/FirstPersonMap.FirstPersonMap:PersistentLevel.PointLight_UAID_F8B46AAA9712245702_1632635728
 |- Actor Package: /Game/__ExternalActors__/FirstPerson/Maps/FirstPersonMap/D/92/89L2N2CVJPDH9D37Q5KCUY
 |- Actor Path: /Game/FirstPerson/Maps/FirstPersonMap.FirstPersonMap:PersistentLevel.PostProcessVolume_0
 |- Actor Package: /Game/__ExternalActors__/FirstPerson/Maps/FirstPersonMap/E/MX/R1GV431P5FDO08OFULRA01
 |- Actor Path: /Game/FirstPerson/Maps/FirstPersonMap.FirstPersonMap:PersistentLevel.RecastNavMesh_UAID_F8B46AAA9712B05602-Default
 |- Actor Package: /Game/__ExternalActors__/FirstPerson/Maps/FirstPersonMap/0/C9/NFKH3LC3NFG5QBNWL3NYWS
 |- Actor Path: /Game/FirstPerson/Maps/FirstPersonMap.FirstPersonMap:PersistentLevel.SkyAtmosphere_0
 |- Actor Package: /Game/__ExternalActors__/FirstPerson/Maps/FirstPersonMap/C/VO/VMN4G7K3NKKV6F8HTPHHDB
 |- Actor Path: /Game/FirstPerson/Maps/FirstPersonMap.FirstPersonMap:PersistentLevel.SkyLight_0
 |- Actor Package: /Game/__ExternalActors__/FirstPerson/Maps/FirstPersonMap/6/0Z/5RQIHCZ9W3UXRGL4LTLQAK
 |- Actor Path: /Game/FirstPerson/Maps/FirstPersonMap.FirstPersonMap:PersistentLevel.SpotLight_UAID_F8B46AAA9712245702_1200717721
 |- Actor Package: /Game/__ExternalActors__/FirstPerson/Maps/FirstPersonMap/0/UE/YUSXL72ZB95XKMHBY1YGD8
 |- Actor Path: /Game/FirstPerson/Maps/FirstPersonMap.FirstPersonMap:PersistentLevel.SpotLight_UAID_F8B46AAA9712245702_1322181722
 |- Actor Package: /Game/__ExternalActors__/FirstPerson/Maps/FirstPersonMap/0/8J/VON3U1P7RYABXY3GKTCZ7R
 |- Actor Path: /Game/FirstPerson/Maps/FirstPersonMap.FirstPersonMap:PersistentLevel.SpotLight_UAID_F8B46AAA9712245702_1327113723
 |- Actor Package: /Game/__ExternalActors__/FirstPerson/Maps/FirstPersonMap/8/HL/00N6JN6IZ8CGF6AD6NSORN
 |- Actor Path: /Game/FirstPerson/Maps/FirstPersonMap.FirstPersonMap:PersistentLevel.StaticMeshActor_0
 |- Actor Package: /Game/__ExternalActors__/FirstPerson/Maps/FirstPersonMap/7/L5/1ZJ54FMA0DAL3I2Q8RFAIB
 |- Actor Path: /Game/FirstPerson/Maps/FirstPersonMap.FirstPersonMap:PersistentLevel.StaticMeshActor_10
 |- Actor Package: /Game/__ExternalActors__/FirstPerson/Maps/FirstPersonMap/A/XJ/HL558UUAGCS9HVVOI0S7PX
 |- Actor Path: /Game/FirstPerson/Maps/FirstPersonMap.FirstPersonMap:PersistentLevel.StaticMeshActor_UAID_A4AE111137DC5EFB00_2001720423
 |- Actor Package: /Game/__ExternalActors__/FirstPerson/Maps/FirstPersonMap/C/ZU/PDQ0AB8RLNMVID876FD49G
 |- Actor Path: /Game/FirstPerson/Maps/FirstPersonMap.FirstPersonMap:PersistentLevel.StaticMeshActor_UAID_F8B46AAA9712235702_1699483531
 |- Actor Package: /Game/__ExternalActors__/FirstPerson/Maps/FirstPersonMap/C/XM/4GHJ14TCW82BJ7PDOOEG1L
 |- Actor Path: /Game/FirstPerson/Maps/FirstPersonMap.FirstPersonMap:PersistentLevel.StaticMeshActor_UAID_F8B46AAA9712235702_1745018532
 |- Actor Package: /Game/__ExternalActors__/FirstPerson/Maps/FirstPersonMap/3/SS/Y5LX1YU0XASW6M72IF5U6M
 |- Actor Path: /Game/FirstPerson/Maps/FirstPersonMap.FirstPersonMap:PersistentLevel.StaticMeshActor_UAID_F8B46AAA9712235702_1789901533
 |- Actor Package: /Game/__ExternalActors__/FirstPerson/Maps/FirstPersonMap/3/S6/7EGY6QJ8VZUMDHFGNMTIH3
 |- Actor Path: /Game/FirstPerson/Maps/FirstPersonMap.FirstPersonMap:PersistentLevel.StaticMeshActor_UAID_F8B46AAA9712235702_1869971534
 |- Actor Package: /Game/__ExternalActors__/FirstPerson/Maps/FirstPersonMap/1/7D/L03P8DKPJWXHTT8YGE0YP2
 |- Actor Path: /Game/FirstPerson/Maps/FirstPersonMap.FirstPersonMap:PersistentLevel.StaticMeshActor_UAID_F8B46AAA9712245702_1458841725
 |- Actor Package: /Game/__ExternalActors__/FirstPerson/Maps/FirstPersonMap/3/Z9/DWR8M0E82IUY5GM9E7RF4G
 |- Actor Path: /Game/FirstPerson/Maps/FirstPersonMap.FirstPersonMap:PersistentLevel.StaticMeshActor_UAID_F8B46AAA9712245702_1506333726
 |- Actor Package: /Game/__ExternalActors__/FirstPerson/Maps/FirstPersonMap/A/2G/N57EANKJCMPHJDVZUN5DP6
 |- Actor Path: /Game/FirstPerson/Maps/FirstPersonMap.FirstPersonMap:PersistentLevel.StaticMeshActor_UAID_F8B46AAA9712245702_1873577729
 |- Actor Package: /Game/__ExternalActors__/FirstPerson/Maps/FirstPersonMap/E/0Q/NHZEJRF198GJI98QMIHLDB
 |- Actor Path: /Game/FirstPerson/Maps/FirstPersonMap.FirstPersonMap:PersistentLevel.StaticMeshActor_UAID_F8B46AAA9712245702_1873581730
 |- Actor Package: /Game/__ExternalActors__/FirstPerson/Maps/FirstPersonMap/4/1B/J44240JZO6LIGQUBTPYUHV
 |- Actor Path: /Game/FirstPerson/Maps/FirstPersonMap.FirstPersonMap:PersistentLevel.StaticMeshActor_UAID_F8B46AAA9712245702_1873586731
 |- Actor Package: /Game/__ExternalActors__/FirstPerson/Maps/FirstPersonMap/9/B8/RZUZDFAM25SEKWTRBKZON5
 |- Actor Path: /Game/FirstPerson/Maps/FirstPersonMap.FirstPersonMap:PersistentLevel.StaticMeshActor_UAID_F8B46AAA9712245702_1873589732
 |- Actor Package: /Game/__ExternalActors__/FirstPerson/Maps/FirstPersonMap/D/AG/7LU4NRHJOQ014BR1NPJJBF
 |- Actor Path: /Game/FirstPerson/Maps/FirstPersonMap.FirstPersonMap:PersistentLevel.StaticMeshActor_UAID_F8B46AAA9712245702_1873592733
 |- Actor Package: /Game/__ExternalActors__/FirstPerson/Maps/FirstPersonMap/D/4W/OGGCAEIPD6GJD2DMKRTAYG
 |- Actor Path: /Game/FirstPerson/Maps/FirstPersonMap.FirstPersonMap:PersistentLevel.StaticMeshActor_UAID_F8B46AAA9712245702_1873595734
 |- Actor Package: /Game/__ExternalActors__/FirstPerson/Maps/FirstPersonMap/7/IQ/7BF1UC2BDYQUMW5NS8ZGYF
 |- Actor Path: /Game/FirstPerson/Maps/FirstPersonMap.FirstPersonMap:PersistentLevel.StaticMeshActor_UAID_F8B46AAA9712245702_1873599735
 |- Actor Package: /Game/__ExternalActors__/FirstPerson/Maps/FirstPersonMap/E/U0/4K1J8BU12EY0JLNQXFKPXD
 |- Actor Path: /Game/FirstPerson/Maps/FirstPersonMap.FirstPersonMap:PersistentLevel.StaticMeshActor_UAID_F8B46AAA9712245702_1873603736
 |- Actor Package: /Game/__ExternalActors__/FirstPerson/Maps/FirstPersonMap/9/AJ/26YPM3PD8OZW12QZZOY73V
 |- Actor Path: /Game/FirstPerson/Maps/FirstPersonMap.FirstPersonMap:PersistentLevel.StaticMeshActor_UAID_F8B46AAA9712245702_1873606737
 |- Actor Package: /Game/__ExternalActors__/FirstPerson/Maps/FirstPersonMap/8/19/3RTA7LGD44C1OP1B7YZ3J0
 |- Actor Path: /Game/FirstPerson/Maps/FirstPersonMap.FirstPersonMap:PersistentLevel.StaticMeshActor_UAID_F8B46AAA9712245702_2073767738
 |- Actor Package: /Game/__ExternalActors__/FirstPerson/Maps/FirstPersonMap/2/BR/U8L2SZXSBUK98VQE99XXBF
 |- Actor Path: /Game/FirstPerson/Maps/FirstPersonMap.FirstPersonMap:PersistentLevel.TextRenderActor_1
 |- Actor Package: /Game/__ExternalActors__/FirstPerson/Maps/FirstPersonMap/1/RN/55P1SMQLAF7OK6300D5I8N
 |- Actor Path: /Game/FirstPerson/Maps/FirstPersonMap.FirstPersonMap:PersistentLevel.TriggerBox_UAID_F8B46AAA9712255702_2016317916
 |- Actor Package: /Game/__ExternalActors__/FirstPerson/Maps/FirstPersonMap/C/W1/GATGOX28N6ZRMW5I28LGE8
 |- Actor Path: /Game/FirstPerson/Maps/FirstPersonMap.FirstPersonMap:PersistentLevel.TriggerBox_UAID_F8B46AAA9712265702_1130633093
 |- Actor Package: /Game/__ExternalActors__/FirstPerson/Maps/FirstPersonMap/2/MD/TCGO27PM1CAL09YCJP949B
 |- Actor Path: /Game/FirstPerson/Maps/FirstPersonMap.FirstPersonMap:PersistentLevel.VolumetricCloud_0
 |- Actor Package: /Game/__ExternalActors__/FirstPerson/Maps/FirstPersonMap/0/GO/I8WEFD3RY9V3NVQLSU6QM4
 |- Actor Path: /Game/FirstPerson/Maps/FirstPersonMap.FirstPersonMap:PersistentLevel.WorldDataLayers
 |- Actor Package: /Game/__ExternalActors__/FirstPerson/Maps/FirstPersonMap/D/0W/E1FKEGVKGOLM7HGLQPCIPO

----------------------------------------------------------------------------------------------------------------
FirstPersonMap - Runtime Hash Set
----------------------------------------------------------------------------------------------------------------

